<?xml version="1.0" encoding="UTF-8"?>
<!-- Generated by org.testng.reporters.JUnitXMLReporter -->
<testsuite hostname="DESKTOP-E2RVPM6" name="loginYXViaWebDriver" tests="1" failures="1" timestamp="28 Nov 2016 03:41:44 GMT" time="58.263" errors="0">
  <testcase name="loginYXViaWebDriver" time="22.722" classname="com.youxue.test.LoginTest">
    <failure type="org.openqa.selenium.NoSuchElementException" message="no such element: Unable to locate element: {&amp;quot;method&amp;quot;:&amp;quot;xpath&amp;quot;,&amp;quot;selector&amp;quot;:&amp;quot;//div[@class=&amp;apos;main&amp;apos;]/span[@class=&amp;apos;title&amp;apos;]&amp;quot;}
  (Session info: webview=33.0.0.0)
  (Driver info: chromedriver=2.18.343845 (73dd713ba7fbfb73cbb514e62641d8c96a94682a),platform=Windows NT 10.0 x86_64) (WARNING: The server did not provide any stacktrace information)
Command duration or timeout: 41 milliseconds
For documentation on this error, please visit: http://seleniumhq.org/exceptions/no_such_element.html
Build info: version: &amp;apos;2.53.0&amp;apos;, revision: &amp;apos;35ae25b&amp;apos;, time: &amp;apos;2016-03-15 16:57:40&amp;apos;
System info: host: &amp;apos;DESKTOP-E2RVPM6&amp;apos;, ip: &amp;apos;192.168.22.100&amp;apos;, os.name: &amp;apos;Windows 10&amp;apos;, os.arch: &amp;apos;amd64&amp;apos;, os.version: &amp;apos;10.0&amp;apos;, java.version: &amp;apos;1.8.0_77&amp;apos;
Driver info: io.appium.java_client.android.AndroidDriver
Capabilities [{appPackage=org.yoya.com.yoyaorg, networkConnectionEnabled=true, noReset=false, warnings={}, databaseEnabled=false, deviceName=192.168.230.101:5555, platform=LINUX, appActivity=.activity.MainActivity, desired={appPackage=org.yoya.com.yoyaorg, appActivity=.activity.MainActivity, noReset=false, newCommandTimeout=600, platformVersion=4.4, unicodeKeyboard=true, udid=192.168.230.101:5555, platformName=Android, deviceName=Android Emulator, resetKeyboard=true}, newCommandTimeout=600, platformVersion=4.4.4, webStorageEnabled=false, locationContextEnabled=false, browserName=Android, takesScreenshot=true, javascriptEnabled=true, unicodeKeyboard=true, udid=192.168.230.101:5555, platformName=Android, resetKeyboard=true}]
Session ID: 4bc59ec8-8c94-4f47-b3e6-dfdae689bb23
*** Element info: {Using=xpath, value=//div[@class=&amp;apos;main&amp;apos;]/span[@class=&amp;apos;title&amp;apos;]}">
      <![CDATA[org.openqa.selenium.NoSuchElementException: no such element: Unable to locate element: {"method":"xpath","selector":"//div[@class='main']/span[@class='title']"}
  (Session info: webview=33.0.0.0)
  (Driver info: chromedriver=2.18.343845 (73dd713ba7fbfb73cbb514e62641d8c96a94682a),platform=Windows NT 10.0 x86_64) (WARNING: The server did not provide any stacktrace information)
Command duration or timeout: 41 milliseconds
For documentation on this error, please visit: http://seleniumhq.org/exceptions/no_such_element.html
Build info: version: '2.53.0', revision: '35ae25b', time: '2016-03-15 16:57:40'
System info: host: 'DESKTOP-E2RVPM6', ip: '192.168.22.100', os.name: 'Windows 10', os.arch: 'amd64', os.version: '10.0', java.version: '1.8.0_77'
Driver info: io.appium.java_client.android.AndroidDriver
Capabilities [{appPackage=org.yoya.com.yoyaorg, networkConnectionEnabled=true, noReset=false, warnings={}, databaseEnabled=false, deviceName=192.168.230.101:5555, platform=LINUX, appActivity=.activity.MainActivity, desired={appPackage=org.yoya.com.yoyaorg, appActivity=.activity.MainActivity, noReset=false, newCommandTimeout=600, platformVersion=4.4, unicodeKeyboard=true, udid=192.168.230.101:5555, platformName=Android, deviceName=Android Emulator, resetKeyboard=true}, newCommandTimeout=600, platformVersion=4.4.4, webStorageEnabled=false, locationContextEnabled=false, browserName=Android, takesScreenshot=true, javascriptEnabled=true, unicodeKeyboard=true, udid=192.168.230.101:5555, platformName=Android, resetKeyboard=true}]
Session ID: 4bc59ec8-8c94-4f47-b3e6-dfdae689bb23
*** Element info: {Using=xpath, value=//div[@class='main']/span[@class='title']}
	at org.openqa.selenium.remote.ErrorHandler.createThrowable(ErrorHandler.java:206)
	at org.openqa.selenium.remote.ErrorHandler.throwIfResponseFailed(ErrorHandler.java:158)
	at org.openqa.selenium.remote.RemoteWebDriver.execute(RemoteWebDriver.java:678)
	at io.appium.java_client.DefaultGenericMobileDriver.execute(DefaultGenericMobileDriver.java:51)
	at io.appium.java_client.AppiumDriver.execute(AppiumDriver.java:1)
	at io.appium.java_client.android.AndroidDriver.execute(AndroidDriver.java:1)
	at org.openqa.selenium.remote.RemoteWebDriver.findElement(RemoteWebDriver.java:363)
	at io.appium.java_client.DefaultGenericMobileDriver.findElement(DefaultGenericMobileDriver.java:67)
	at io.appium.java_client.AppiumDriver.findElement(AppiumDriver.java:1)
	at io.appium.java_client.android.AndroidDriver.findElement(AndroidDriver.java:1)
	at org.openqa.selenium.remote.RemoteWebDriver.findElementByXPath(RemoteWebDriver.java:500)
	at io.appium.java_client.DefaultGenericMobileDriver.findElementByXPath(DefaultGenericMobileDriver.java:145)
	at io.appium.java_client.AppiumDriver.findElementByXPath(AppiumDriver.java:1)
	at io.appium.java_client.android.AndroidDriver.findElementByXPath(AndroidDriver.java:1)
	at org.openqa.selenium.By$ByXPath.findElement(By.java:361)
	at org.openqa.selenium.remote.RemoteWebDriver.findElement(RemoteWebDriver.java:355)
	at io.appium.java_client.DefaultGenericMobileDriver.findElement(DefaultGenericMobileDriver.java:63)
	at io.appium.java_client.AppiumDriver.findElement(AppiumDriver.java:1)
	at io.appium.java_client.android.AndroidDriver.findElement(AndroidDriver.java:1)
	at com.youxue.page.StudyProgress.getPageTitle(StudyProgress.java:119)
	at com.youxue.test.LoginTest.loginYXViaWebDriver(LoginTest.java:65)
... Removed 29 stack frames]]>
    </failure>
  </testcase> <!-- loginYXViaWebDriver -->
</testsuite> <!-- loginYXViaWebDriver -->
