<?xml version="1.0" encoding="UTF-8"?>
<!-- Generated by org.testng.reporters.JUnitXMLReporter -->
<testsuite hostname="DESKTOP-E2RVPM6" name="confirmActivityContents" tests="1" failures="1" timestamp="15 Aug 2016 03:36:37 GMT" time="78.858" errors="0">
  <testcase name="confirmActivityContents" time="0.511" classname="com.youxue.test.StudyProgressTest">
    <failure type="org.openqa.selenium.NoSuchElementException" message="An element could not be located on the page using the given search parameters. (WARNING: The server did not provide any stacktrace information)
Command duration or timeout: 82 milliseconds
For documentation on this error, please visit: http://seleniumhq.org/exceptions/no_such_element.html
Build info: version: &amp;apos;2.53.0&amp;apos;, revision: &amp;apos;35ae25b&amp;apos;, time: &amp;apos;2016-03-15 16:57:40&amp;apos;
System info: host: &amp;apos;DESKTOP-E2RVPM6&amp;apos;, ip: &amp;apos;192.168.197.1&amp;apos;, os.name: &amp;apos;Windows 10&amp;apos;, os.arch: &amp;apos;amd64&amp;apos;, os.version: &amp;apos;10.0&amp;apos;, java.version: &amp;apos;1.8.0_77&amp;apos;
Driver info: io.appium.java_client.android.AndroidDriver
Capabilities [{app=./APP/test.apk, appPackage=org.yoya.com.yoyaorg, rotatable=true, networkConnectionEnabled=true, noReset=false, warnings={}, handlesAlerts=true, version=0.17.0, deviceName=Galaxy Note3 Lite 4G, platform=ANDROID, appActivity=.activity.MainActivity, acceptSslCerts=true, desired={app=./APP/test.apk, appActivity=.activity.MainActivity, appPackage=org.yoya.com.yoyaorg, noReset=false, newCommandTimeout=600, platformVersion=4.3, automationName=Selendroid, unicodeKeyboard=true, platformName=Android, udid=41119659, deviceName=Galaxy Note3 Lite 4G, resetKeyboard=true}, newCommandTimeout=600, platformVersion=18, automationName=selendroid, browserName=selendroid, takesScreenshot=true, javascriptEnabled=true, unicodeKeyboard=true, udid=41119659, platformName=android, resetKeyboard=true}]
Session ID: e1b6a02a-ccea-1fdd-cc3a-bf87ab300ae2
*** Element info: {Using=css selector, value=a.iconfont.icon-refresh}">
      <![CDATA[org.openqa.selenium.NoSuchElementException: An element could not be located on the page using the given search parameters. (WARNING: The server did not provide any stacktrace information)
Command duration or timeout: 82 milliseconds
For documentation on this error, please visit: http://seleniumhq.org/exceptions/no_such_element.html
Build info: version: '2.53.0', revision: '35ae25b', time: '2016-03-15 16:57:40'
System info: host: 'DESKTOP-E2RVPM6', ip: '192.168.197.1', os.name: 'Windows 10', os.arch: 'amd64', os.version: '10.0', java.version: '1.8.0_77'
Driver info: io.appium.java_client.android.AndroidDriver
Capabilities [{app=./APP/test.apk, appPackage=org.yoya.com.yoyaorg, rotatable=true, networkConnectionEnabled=true, noReset=false, warnings={}, handlesAlerts=true, version=0.17.0, deviceName=Galaxy Note3 Lite 4G, platform=ANDROID, appActivity=.activity.MainActivity, acceptSslCerts=true, desired={app=./APP/test.apk, appActivity=.activity.MainActivity, appPackage=org.yoya.com.yoyaorg, noReset=false, newCommandTimeout=600, platformVersion=4.3, automationName=Selendroid, unicodeKeyboard=true, platformName=Android, udid=41119659, deviceName=Galaxy Note3 Lite 4G, resetKeyboard=true}, newCommandTimeout=600, platformVersion=18, automationName=selendroid, browserName=selendroid, takesScreenshot=true, javascriptEnabled=true, unicodeKeyboard=true, udid=41119659, platformName=android, resetKeyboard=true}]
Session ID: e1b6a02a-ccea-1fdd-cc3a-bf87ab300ae2
*** Element info: {Using=css selector, value=a.iconfont.icon-refresh}
	at org.openqa.selenium.remote.ErrorHandler.createThrowable(ErrorHandler.java:206)
	at org.openqa.selenium.remote.ErrorHandler.throwIfResponseFailed(ErrorHandler.java:158)
	at org.openqa.selenium.remote.RemoteWebDriver.execute(RemoteWebDriver.java:678)
	at io.appium.java_client.DefaultGenericMobileDriver.execute(DefaultGenericMobileDriver.java:51)
	at io.appium.java_client.AppiumDriver.execute(AppiumDriver.java:1)
	at io.appium.java_client.android.AndroidDriver.execute(AndroidDriver.java:1)
	at org.openqa.selenium.remote.RemoteWebDriver.findElement(RemoteWebDriver.java:363)
	at io.appium.java_client.DefaultGenericMobileDriver.findElement(DefaultGenericMobileDriver.java:67)
	at io.appium.java_client.AppiumDriver.findElement(AppiumDriver.java:1)
	at io.appium.java_client.android.AndroidDriver.findElement(AndroidDriver.java:1)
	at org.openqa.selenium.remote.RemoteWebDriver.findElementByCssSelector(RemoteWebDriver.java:492)
	at io.appium.java_client.DefaultGenericMobileDriver.findElementByCssSelector(DefaultGenericMobileDriver.java:134)
	at io.appium.java_client.AppiumDriver.findElementByCssSelector(AppiumDriver.java:1)
	at io.appium.java_client.android.AndroidDriver.findElementByCssSelector(AndroidDriver.java:1)
	at org.openqa.selenium.By$ByCssSelector.findElement(By.java:430)
	at org.openqa.selenium.remote.RemoteWebDriver.findElement(RemoteWebDriver.java:355)
	at io.appium.java_client.DefaultGenericMobileDriver.findElement(DefaultGenericMobileDriver.java:63)
	at io.appium.java_client.AppiumDriver.findElement(AppiumDriver.java:1)
	at io.appium.java_client.android.AndroidDriver.findElement(AndroidDriver.java:1)
	at com.youxue.page.StudyProgress.getRefreshIcon(StudyProgress.java:117)
	at com.youxue.test.StudyProgressTest.confirmActivityContents(StudyProgressTest.java:62)
... Removed 29 stack frames]]>
    </failure>
  </testcase> <!-- confirmActivityContents -->
</testsuite> <!-- confirmActivityContents -->
