<html xmlns:math="http://exslt.org/math" xmlns:testng="http://testng.org">
   <head>
      <title>TestNG Results</title>
      <meta http-equiv="content-type" content="text/html; charset=utf-8"></meta>
      <meta http-equiv="pragma" content="no-cache"></meta>
      <meta http-equiv="cache-control" content="max-age=0"></meta>
      <meta http-equiv="cache-control" content="no-cache"></meta>
      <meta http-equiv="cache-control" content="no-store"></meta>
      <LINK rel="stylesheet" href="style.css"></LINK>
      <script type="text/javascript" src="main.js"></script>
   </head>
   <body>
      <table width="100%" style="font-size: 16px; margin-bottom: 10px;" cellspacing="1">
         <tr>
            <td width="100%">
               All methods in suite
               
               <b>login_suite (0)</b>
            </td>
            <td style="background-color: #FFBBBB; padding: 3px 3px 3px 0;" align="center">
               <div style="width: 50px;">0</div>
            </td>
            <td style="background-color: lightgreen; padding: 3px 3px 3px 0;" align="center">
               <div style="width: 50px;">0</div>
            </td>
            <td style="background-color: #FFFFBB; padding: 3px 3px 3px 0;" align="center">
               <div style="width: 50px;">1</div>
            </td>
            <td align="center" style="background-color: #eaf0f7; padding: 3px 3px 3px 0;">
               <div style="width: 50px;">1</div>
            </td>
            <td align="center"
                style="font-weight: bold; background-color: #eaf0f7; padding: 3px 3px 3px 0;">
               <div style="width: 50px;">0%</div>
            </td>
            <td style="background-color: #eaf0f7; padding: 3px 3px 3px 0;" align="center"
                nowrap="true">6 ms
               
            </td>
         </tr>
      </table>
      <div style="width: 200px;">
         <label for="groupMethodsCheckBox" style="font-weight: bold; margin: 0;">
            <input id="groupMethodsCheckBox" type="checkbox" onclick="switchTestMethodsView(this)"></input>
            Group by class
            
         </label>
         <br></br>
         <label for="methodsFilter_ALL" style="font-weight: bold; margin: 0;">
            <input id="methodsFilter_ALL" type="checkbox"
                   onclick="testMethodsFilterChanged(this, 'ALL')"></input>
            All
            
         </label>
      </div>
      <label for="methodsFilter_FAIL" style="margin-left: 20px;">
         <input id="methodsFilter_FAIL" type="checkbox"
                onclick="testMethodsFilterChanged(this, 'FAIL')"
                checked=""></input>
         Failed
         
      </label>
      <label for="methodsFilter_PASS">
         <input id="methodsFilter_PASS" type="checkbox"
                onclick="testMethodsFilterChanged(this, 'PASS')"
                checked=""></input>
         Passed
         
      </label>
      <label for="methodsFilter_SKIP">
         <input id="methodsFilter_SKIP" type="checkbox"
                onclick="testMethodsFilterChanged(this, 'SKIP')"
                checked=""></input>
         Skipped
         
      </label>
      <label for="methodsFilter_CONF">
         <input id="methodsFilter_CONF" type="checkbox"
                onclick="testMethodsFilterChanged(this, 'CONF')"></input>
         Config
         
      </label>
      <br></br>
      <div id="testMethodsByStatus">
         <table class="testMethodsTable" cellpadding="0" cellspacing="0">
            <tr class="methodsTableHeader">
               <td width="100%">Name</td>
               <td nowrap="true">Started</td>
               <td nowrap="true">Duration</td>
               <td>Exception</td>
            </tr>
            <tr id="com.youxue.test.LoginTest_beforeTest_byStatus_failed_FAIL1_row"
                class="testMethodStatusFAIL testMethodStatusCONF">
               <td width="100%" class="firstMethodCell">
                  <a onclick="toggleDetailsVisibility('com.youxue.test.LoginTest_beforeTest_byStatus_failed_FAIL1_details')">beforeTest(./properties/samsung.properties
                     
                     ,
                     
                     127.0.0.1
                     
                     ,
                     
                     4726)
                  </a>
               </td>
               <td nowrap="true">17:05:01</td>
               <td nowrap="true" align="right">0 ms
                  
               </td>
               <td nowrap="true">
                  <a onclick="toggleDetailsVisibility('com.youxue.test.LoginTest_beforeTest_byStatus_failed_FAIL1_exception')">org.openqa.selenium.SessionNotCreatedException: 
                     A new session could not be created. (Original error: Waited 20 secs for selendroid server and it never showed up) (WARNING:
                     The server did not provide any stacktrace information)
                     Command duration or timeout: 33.92 seconds
                     Build info: version: '2.53.0', revision: '35ae25b', time: '2016-03-15 16:57:40'
                     System info: host: 'DESKTOP-E2RVPM6', ip: '192.168.197.1', os.name: 'Windows 10', os.arch: 'amd64', os.version: '10.0', java.version:
                     '1.8.0_77'
                     Driver info: io.appium.java_client.android.AndroidDriver
                     
                  </a>
                   
                  
               </td>
            </tr>
            <tr>
               <td colspan="4"
                   style="padding: 0; background-color: white; border-style: none; height: 0px;">
                  <div id="com.youxue.test.LoginTest_beforeTest_byStatus_failed_FAIL1_details"
                       class="testMethodDetails">
                     <div>
                        <b>Name:
                           
                        </b>beforeTest
                     </div>
                     <div>
                        <b>Signature:
                           
                        </b>beforeTest(java.lang.String, java.lang.String, java.lang.String)[pri:0, instance:com.youxue.test.LoginTest@f5f2bb7]
                     </div>
                     <div>
                        <b>Parameters:
                           
                        </b>
                        
                        ./properties/samsung.properties
                        
                        ,
                        
                        127.0.0.1
                        
                        ,
                        
                        4726
                        
                        
                     </div>
                     <div>
                        <b>Start time:
                           
                        </b>17:05:01
                     </div>
                     <div>
                        <b>End time:
                           
                        </b>17:05:01
                     </div>
                     <div>
                        <b>Duration:
                           
                        </b>0 ms
                        
                     </div>
                  </div>
               </td>
            </tr>
            <tr>
               <td colspan="4"
                   style="padding: 0; background-color: white; border-style: none; height: 0px;">
                  <div id="com.youxue.test.LoginTest_beforeTest_byStatus_failed_FAIL1_exception"
                       class="testMethodDetails">
                     <pre style="padding: 5px; margin: 0;">org.openqa.selenium.SessionNotCreatedException: A new session could not be created. (Original error: Waited 20 secs for selendroid
                        server and it never showed up) (WARNING: The server did not provide any stacktrace information)
                        Command duration or timeout: 33.92 seconds
                        Build info: version: '2.53.0', revision: '35ae25b', time: '2016-03-15 16:57:40'
                        System info: host: 'DESKTOP-E2RVPM6', ip: '192.168.197.1', os.name: 'Windows 10', os.arch: 'amd64', os.version: '10.0', java.version:
                        '1.8.0_77'
                        Driver info: io.appium.java_client.android.AndroidDriver
                        	at sun.reflect.NativeConstructorAccessorImpl.newInstance0(Native Method)
                        	at sun.reflect.NativeConstructorAccessorImpl.newInstance(NativeConstructorAccessorImpl.java:62)
                        	at sun.reflect.DelegatingConstructorAccessorImpl.newInstance(DelegatingConstructorAccessorImpl.java:45)
                        	at java.lang.reflect.Constructor.newInstance(Constructor.java:423)
                        	at org.openqa.selenium.remote.ErrorHandler.createThrowable(ErrorHandler.java:206)
                        	at org.openqa.selenium.remote.ErrorHandler.throwIfResponseFailed(ErrorHandler.java:158)
                        	at org.openqa.selenium.remote.RemoteWebDriver.execute(RemoteWebDriver.java:678)
                        	at io.appium.java_client.DefaultGenericMobileDriver.execute(DefaultGenericMobileDriver.java:51)
                        	at io.appium.java_client.AppiumDriver.execute(AppiumDriver.java:1)
                        	at io.appium.java_client.android.AndroidDriver.execute(AndroidDriver.java:1)
                        	at org.openqa.selenium.remote.RemoteWebDriver.startSession(RemoteWebDriver.java:249)
                        	at org.openqa.selenium.remote.RemoteWebDriver.&lt;init&gt;(RemoteWebDriver.java:131)
                        	at org.openqa.selenium.remote.RemoteWebDriver.&lt;init&gt;(RemoteWebDriver.java:144)
                        	at io.appium.java_client.DefaultGenericMobileDriver.&lt;init&gt;(DefaultGenericMobileDriver.java:47)
                        	at io.appium.java_client.AppiumDriver.&lt;init&gt;(AppiumDriver.java:114)
                        	at io.appium.java_client.AppiumDriver.&lt;init&gt;(AppiumDriver.java:132)
                        	at io.appium.java_client.android.AndroidDriver.&lt;init&gt;(AndroidDriver.java:97)
                        	at com.youxue.util.AppiumDriverGenerator.createAPPdriver(Unknown Source)
                        	at com.youxue.test.LoginTest.beforeTest(Unknown Source)
                        	at sun.reflect.NativeMethodAccessorImpl.invoke0(Native Method)
                        	at sun.reflect.NativeMethodAccessorImpl.invoke(NativeMethodAccessorImpl.java:62)
                        	at sun.reflect.DelegatingMethodAccessorImpl.invoke(DelegatingMethodAccessorImpl.java:43)
                        	at java.lang.reflect.Method.invoke(Method.java:498)
                        	at org.testng.internal.MethodInvocationHelper.invokeMethod(MethodInvocationHelper.java:85)
                        	at org.testng.internal.Invoker.invokeConfigurationMethod(Invoker.java:510)
                        	at org.testng.internal.Invoker.invokeConfigurations(Invoker.java:211)
                        	at org.testng.internal.Invoker.invokeConfigurations(Invoker.java:138)
                        	at org.testng.TestRunner.beforeRun(TestRunner.java:648)
                        	at org.testng.TestRunner.run(TestRunner.java:616)
                        	at org.testng.SuiteRunner.runTest(SuiteRunner.java:359)
                        	at org.testng.SuiteRunner.runSequentially(SuiteRunner.java:354)
                        	at org.testng.SuiteRunner.privateRun(SuiteRunner.java:312)
                        	at org.testng.SuiteRunner.run(SuiteRunner.java:261)
                        	at org.testng.SuiteRunnerWorker.runSuite(SuiteRunnerWorker.java:52)
                        	at org.testng.SuiteRunnerWorker.run(SuiteRunnerWorker.java:86)
                        	at org.testng.TestNG.runSuitesSequentially(TestNG.java:1215)
                        	at org.testng.TestNG.runSuitesSequentially(TestNG.java:1211)
                        	at org.testng.TestNG.runSuitesLocally(TestNG.java:1140)
                        	at org.testng.TestNG.run(TestNG.java:1048)
                        	at org.testng.TestNG.privateMain(TestNG.java:1355)
                        	at org.testng.TestNG.main(TestNG.java:1324)
                     </pre>
                  </div>
               </td>
            </tr>
            <tr id="com.youxue.test.LoginTest_beforeSuite_byStatus_passed_PASS1_row"
                class="testMethodStatusPASS testMethodStatusCONF">
               <td width="100%" class="firstMethodCell">
                  <a onclick="toggleDetailsVisibility('com.youxue.test.LoginTest_beforeSuite_byStatus_passed_PASS1_details')">beforeSuite()</a>
               </td>
               <td nowrap="true">17:05:01</td>
               <td nowrap="true" align="right">6 ms
                  
               </td>
               <td nowrap="true">
                   
                  
               </td>
            </tr>
            <tr>
               <td colspan="4"
                   style="padding: 0; background-color: white; border-style: none; height: 0px;">
                  <div id="com.youxue.test.LoginTest_beforeSuite_byStatus_passed_PASS1_details"
                       class="testMethodDetails">
                     <div>
                        <b>Name:
                           
                        </b>beforeSuite
                     </div>
                     <div>
                        <b>Signature:
                           
                        </b>beforeSuite()[pri:0, instance:com.youxue.test.LoginTest@f5f2bb7]
                     </div>
                     <div>
                        <b>Start time:
                           
                        </b>17:05:01
                     </div>
                     <div>
                        <b>End time:
                           
                        </b>17:05:01
                     </div>
                     <div>
                        <b>Duration:
                           
                        </b>6 ms
                        
                     </div>
                  </div>
               </td>
            </tr>
            <tr></tr>
            <tr id="com.youxue.test.LoginTest_loginYXViaWebDriver_byStatus_skiped_SKIP1_row"
                class="testMethodStatusSKIP">
               <td width="100%" class="firstMethodCell">
                  <a onclick="toggleDetailsVisibility('com.youxue.test.LoginTest_loginYXViaWebDriver_byStatus_skiped_SKIP1_details')">loginYXViaWebDriver(xal-00020
                     
                     ,
                     
                     123456)
                  </a>
               </td>
               <td nowrap="true">17:05:38</td>
               <td nowrap="true" align="right">0 ms
                  
               </td>
               <td nowrap="true">
                   
                  
               </td>
            </tr>
            <tr>
               <td colspan="4"
                   style="padding: 0; background-color: white; border-style: none; height: 0px;">
                  <div id="com.youxue.test.LoginTest_loginYXViaWebDriver_byStatus_skiped_SKIP1_details"
                       class="testMethodDetails">
                     <div>
                        <b>Name:
                           
                        </b>loginYXViaWebDriver
                     </div>
                     <div>
                        <b>Signature:
                           
                        </b>loginYXViaWebDriver(java.lang.String, java.lang.String)[pri:0, instance:com.youxue.test.LoginTest@f5f2bb7]
                     </div>
                     <div>
                        <b>Parameters:
                           
                        </b>
                        
                        xal-00020
                        
                        ,
                        
                        123456
                        
                        
                     </div>
                     <div>
                        <b>Start time:
                           
                        </b>17:05:38
                     </div>
                     <div>
                        <b>End time:
                           
                        </b>17:05:38
                     </div>
                     <div>
                        <b>Duration:
                           
                        </b>0 ms
                        
                     </div>
                  </div>
               </td>
            </tr>
            <tr></tr>
            <tr id="com.youxue.test.LoginTest_afterTest_byStatus_skiped_SKIP2_row"
                class="testMethodStatusSKIP testMethodStatusCONF">
               <td width="100%" class="firstMethodCell">
                  <a onclick="toggleDetailsVisibility('com.youxue.test.LoginTest_afterTest_byStatus_skiped_SKIP2_details')">afterTest()</a>
               </td>
               <td nowrap="true">17:05:38</td>
               <td nowrap="true" align="right">0 ms
                  
               </td>
               <td nowrap="true">
                   
                  
               </td>
            </tr>
            <tr>
               <td colspan="4"
                   style="padding: 0; background-color: white; border-style: none; height: 0px;">
                  <div id="com.youxue.test.LoginTest_afterTest_byStatus_skiped_SKIP2_details"
                       class="testMethodDetails">
                     <div>
                        <b>Name:
                           
                        </b>afterTest
                     </div>
                     <div>
                        <b>Signature:
                           
                        </b>afterTest()[pri:0, instance:com.youxue.test.LoginTest@f5f2bb7]
                     </div>
                     <div>
                        <b>Start time:
                           
                        </b>17:05:38
                     </div>
                     <div>
                        <b>End time:
                           
                        </b>17:05:38
                     </div>
                     <div>
                        <b>Duration:
                           
                        </b>0 ms
                        
                     </div>
                  </div>
               </td>
            </tr>
            <tr></tr>
         </table>
      </div>
      <div id="testMethodsByClass" style="display: none;">
         <table class="testMethodsTable" cellpadding="0" cellspacing="0">
            <tr>
               <td colspan="4">
                  <h3 style="display: inline;">com.youxue.test.LoginTest</h3>
               </td>
            </tr>
            <tr class="methodsTableHeader">
               <td width="100%">Name</td>
               <td nowrap="true">Started</td>
               <td nowrap="true">Duration</td>
               <td>Exception</td>
            </tr>
            <tr id="com.youxue.test.LoginTest_beforeSuite_byClass_PASS1_row"
                class="testMethodStatusPASS testMethodStatusCONF">
               <td width="100%" class="firstMethodCell">
                  <a onclick="toggleDetailsVisibility('com.youxue.test.LoginTest_beforeSuite_byClass_PASS1_details')">beforeSuite()</a>
               </td>
               <td nowrap="true">17:05:01</td>
               <td nowrap="true" align="right">6 ms
                  
               </td>
               <td nowrap="true">
                   
                  
               </td>
            </tr>
            <tr>
               <td colspan="4"
                   style="padding: 0; background-color: white; border-style: none; height: 0px;">
                  <div id="com.youxue.test.LoginTest_beforeSuite_byClass_PASS1_details"
                       class="testMethodDetails">
                     <div>
                        <b>Name:
                           
                        </b>beforeSuite
                     </div>
                     <div>
                        <b>Signature:
                           
                        </b>beforeSuite()[pri:0, instance:com.youxue.test.LoginTest@f5f2bb7]
                     </div>
                     <div>
                        <b>Start time:
                           
                        </b>17:05:01
                     </div>
                     <div>
                        <b>End time:
                           
                        </b>17:05:01
                     </div>
                     <div>
                        <b>Duration:
                           
                        </b>6 ms
                        
                     </div>
                  </div>
               </td>
            </tr>
            <tr></tr>
            <tr id="com.youxue.test.LoginTest_beforeTest_byClass_FAIL2_row"
                class="testMethodStatusFAIL testMethodStatusCONF">
               <td width="100%" class="firstMethodCell">
                  <a onclick="toggleDetailsVisibility('com.youxue.test.LoginTest_beforeTest_byClass_FAIL2_details')">beforeTest(./properties/samsung.properties
                     
                     ,
                     
                     127.0.0.1
                     
                     ,
                     
                     4726)
                  </a>
               </td>
               <td nowrap="true">17:05:01</td>
               <td nowrap="true" align="right">0 ms
                  
               </td>
               <td nowrap="true">
                  <a onclick="toggleDetailsVisibility('com.youxue.test.LoginTest_beforeTest_byClass_FAIL2_exception')">org.openqa.selenium.SessionNotCreatedException: 
                     A new session could not be created. (Original error: Waited 20 secs for selendroid server and it never showed up) (WARNING:
                     The server did not provide any stacktrace information)
                     Command duration or timeout: 33.92 seconds
                     Build info: version: '2.53.0', revision: '35ae25b', time: '2016-03-15 16:57:40'
                     System info: host: 'DESKTOP-E2RVPM6', ip: '192.168.197.1', os.name: 'Windows 10', os.arch: 'amd64', os.version: '10.0', java.version:
                     '1.8.0_77'
                     Driver info: io.appium.java_client.android.AndroidDriver
                     
                  </a>
                   
                  
               </td>
            </tr>
            <tr>
               <td colspan="4"
                   style="padding: 0; background-color: white; border-style: none; height: 0px;">
                  <div id="com.youxue.test.LoginTest_beforeTest_byClass_FAIL2_details"
                       class="testMethodDetails">
                     <div>
                        <b>Name:
                           
                        </b>beforeTest
                     </div>
                     <div>
                        <b>Signature:
                           
                        </b>beforeTest(java.lang.String, java.lang.String, java.lang.String)[pri:0, instance:com.youxue.test.LoginTest@f5f2bb7]
                     </div>
                     <div>
                        <b>Parameters:
                           
                        </b>
                        
                        ./properties/samsung.properties
                        
                        ,
                        
                        127.0.0.1
                        
                        ,
                        
                        4726
                        
                        
                     </div>
                     <div>
                        <b>Start time:
                           
                        </b>17:05:01
                     </div>
                     <div>
                        <b>End time:
                           
                        </b>17:05:01
                     </div>
                     <div>
                        <b>Duration:
                           
                        </b>0 ms
                        
                     </div>
                  </div>
               </td>
            </tr>
            <tr>
               <td colspan="4"
                   style="padding: 0; background-color: white; border-style: none; height: 0px;">
                  <div id="com.youxue.test.LoginTest_beforeTest_byClass_FAIL2_exception"
                       class="testMethodDetails">
                     <pre style="padding: 5px; margin: 0;">org.openqa.selenium.SessionNotCreatedException: A new session could not be created. (Original error: Waited 20 secs for selendroid
                        server and it never showed up) (WARNING: The server did not provide any stacktrace information)
                        Command duration or timeout: 33.92 seconds
                        Build info: version: '2.53.0', revision: '35ae25b', time: '2016-03-15 16:57:40'
                        System info: host: 'DESKTOP-E2RVPM6', ip: '192.168.197.1', os.name: 'Windows 10', os.arch: 'amd64', os.version: '10.0', java.version:
                        '1.8.0_77'
                        Driver info: io.appium.java_client.android.AndroidDriver
                        	at sun.reflect.NativeConstructorAccessorImpl.newInstance0(Native Method)
                        	at sun.reflect.NativeConstructorAccessorImpl.newInstance(NativeConstructorAccessorImpl.java:62)
                        	at sun.reflect.DelegatingConstructorAccessorImpl.newInstance(DelegatingConstructorAccessorImpl.java:45)
                        	at java.lang.reflect.Constructor.newInstance(Constructor.java:423)
                        	at org.openqa.selenium.remote.ErrorHandler.createThrowable(ErrorHandler.java:206)
                        	at org.openqa.selenium.remote.ErrorHandler.throwIfResponseFailed(ErrorHandler.java:158)
                        	at org.openqa.selenium.remote.RemoteWebDriver.execute(RemoteWebDriver.java:678)
                        	at io.appium.java_client.DefaultGenericMobileDriver.execute(DefaultGenericMobileDriver.java:51)
                        	at io.appium.java_client.AppiumDriver.execute(AppiumDriver.java:1)
                        	at io.appium.java_client.android.AndroidDriver.execute(AndroidDriver.java:1)
                        	at org.openqa.selenium.remote.RemoteWebDriver.startSession(RemoteWebDriver.java:249)
                        	at org.openqa.selenium.remote.RemoteWebDriver.&lt;init&gt;(RemoteWebDriver.java:131)
                        	at org.openqa.selenium.remote.RemoteWebDriver.&lt;init&gt;(RemoteWebDriver.java:144)
                        	at io.appium.java_client.DefaultGenericMobileDriver.&lt;init&gt;(DefaultGenericMobileDriver.java:47)
                        	at io.appium.java_client.AppiumDriver.&lt;init&gt;(AppiumDriver.java:114)
                        	at io.appium.java_client.AppiumDriver.&lt;init&gt;(AppiumDriver.java:132)
                        	at io.appium.java_client.android.AndroidDriver.&lt;init&gt;(AndroidDriver.java:97)
                        	at com.youxue.util.AppiumDriverGenerator.createAPPdriver(Unknown Source)
                        	at com.youxue.test.LoginTest.beforeTest(Unknown Source)
                        	at sun.reflect.NativeMethodAccessorImpl.invoke0(Native Method)
                        	at sun.reflect.NativeMethodAccessorImpl.invoke(NativeMethodAccessorImpl.java:62)
                        	at sun.reflect.DelegatingMethodAccessorImpl.invoke(DelegatingMethodAccessorImpl.java:43)
                        	at java.lang.reflect.Method.invoke(Method.java:498)
                        	at org.testng.internal.MethodInvocationHelper.invokeMethod(MethodInvocationHelper.java:85)
                        	at org.testng.internal.Invoker.invokeConfigurationMethod(Invoker.java:510)
                        	at org.testng.internal.Invoker.invokeConfigurations(Invoker.java:211)
                        	at org.testng.internal.Invoker.invokeConfigurations(Invoker.java:138)
                        	at org.testng.TestRunner.beforeRun(TestRunner.java:648)
                        	at org.testng.TestRunner.run(TestRunner.java:616)
                        	at org.testng.SuiteRunner.runTest(SuiteRunner.java:359)
                        	at org.testng.SuiteRunner.runSequentially(SuiteRunner.java:354)
                        	at org.testng.SuiteRunner.privateRun(SuiteRunner.java:312)
                        	at org.testng.SuiteRunner.run(SuiteRunner.java:261)
                        	at org.testng.SuiteRunnerWorker.runSuite(SuiteRunnerWorker.java:52)
                        	at org.testng.SuiteRunnerWorker.run(SuiteRunnerWorker.java:86)
                        	at org.testng.TestNG.runSuitesSequentially(TestNG.java:1215)
                        	at org.testng.TestNG.runSuitesSequentially(TestNG.java:1211)
                        	at org.testng.TestNG.runSuitesLocally(TestNG.java:1140)
                        	at org.testng.TestNG.run(TestNG.java:1048)
                        	at org.testng.TestNG.privateMain(TestNG.java:1355)
                        	at org.testng.TestNG.main(TestNG.java:1324)
                     </pre>
                  </div>
               </td>
            </tr>
            <tr id="com.youxue.test.LoginTest_loginYXViaWebDriver_byClass_SKIP3_row"
                class="testMethodStatusSKIP">
               <td width="100%" class="firstMethodCell">
                  <a onclick="toggleDetailsVisibility('com.youxue.test.LoginTest_loginYXViaWebDriver_byClass_SKIP3_details')">loginYXViaWebDriver(xal-00020
                     
                     ,
                     
                     123456)
                  </a>
               </td>
               <td nowrap="true">17:05:38</td>
               <td nowrap="true" align="right">0 ms
                  
               </td>
               <td nowrap="true">
                   
                  
               </td>
            </tr>
            <tr>
               <td colspan="4"
                   style="padding: 0; background-color: white; border-style: none; height: 0px;">
                  <div id="com.youxue.test.LoginTest_loginYXViaWebDriver_byClass_SKIP3_details"
                       class="testMethodDetails">
                     <div>
                        <b>Name:
                           
                        </b>loginYXViaWebDriver
                     </div>
                     <div>
                        <b>Signature:
                           
                        </b>loginYXViaWebDriver(java.lang.String, java.lang.String)[pri:0, instance:com.youxue.test.LoginTest@f5f2bb7]
                     </div>
                     <div>
                        <b>Parameters:
                           
                        </b>
                        
                        xal-00020
                        
                        ,
                        
                        123456
                        
                        
                     </div>
                     <div>
                        <b>Start time:
                           
                        </b>17:05:38
                     </div>
                     <div>
                        <b>End time:
                           
                        </b>17:05:38
                     </div>
                     <div>
                        <b>Duration:
                           
                        </b>0 ms
                        
                     </div>
                  </div>
               </td>
            </tr>
            <tr></tr>
            <tr id="com.youxue.test.LoginTest_afterTest_byClass_SKIP4_row"
                class="testMethodStatusSKIP testMethodStatusCONF">
               <td width="100%" class="firstMethodCell">
                  <a onclick="toggleDetailsVisibility('com.youxue.test.LoginTest_afterTest_byClass_SKIP4_details')">afterTest()</a>
               </td>
               <td nowrap="true">17:05:38</td>
               <td nowrap="true" align="right">0 ms
                  
               </td>
               <td nowrap="true">
                   
                  
               </td>
            </tr>
            <tr>
               <td colspan="4"
                   style="padding: 0; background-color: white; border-style: none; height: 0px;">
                  <div id="com.youxue.test.LoginTest_afterTest_byClass_SKIP4_details"
                       class="testMethodDetails">
                     <div>
                        <b>Name:
                           
                        </b>afterTest
                     </div>
                     <div>
                        <b>Signature:
                           
                        </b>afterTest()[pri:0, instance:com.youxue.test.LoginTest@f5f2bb7]
                     </div>
                     <div>
                        <b>Start time:
                           
                        </b>17:05:38
                     </div>
                     <div>
                        <b>End time:
                           
                        </b>17:05:38
                     </div>
                     <div>
                        <b>Duration:
                           
                        </b>0 ms
                        
                     </div>
                  </div>
               </td>
            </tr>
            <tr></tr>
         </table>
         <br></br>
      </div>
      <div style="margin-top: 15px; color: gray; text-align: center; font-size: 9px;">
         Generated with
         
         <a href="http://code.google.com/p/testng-xslt/" style="color: #8888aa;"
            target="_blank">
            TestNG XSLT
            
         </a>
      </div>
   </body>
</html>